{"/Users/niall.barber/Git/projects/react/hp/src/components/Error/Error.tsx": {"path":"/Users/niall.barber/Git/projects/react/hp/src/components/Error/Error.tsx","statementMap":{"0":{"start":{"line":1,"column":14},"end":{"line":7,"column":null}},"1":{"start":{"line":2,"column":2},"end":{"line":2,"column":null}},"2":{"start":{"line":9,"column":0},"end":{"line":9,"column":15}}},"fnMap":{"0":{"name":"(anonymous_0)","decl":{"start":{"line":1,"column":14},"end":{"line":1,"column":15}},"loc":{"start":{"line":1,"column":40},"end":{"line":7,"column":null}}}},"branchMap":{},"s":{"0":1,"1":1,"2":1},"f":{"0":1},"b":{}}
,"/Users/niall.barber/Git/projects/react/hp/src/components/Error/index.tsx": {"path":"/Users/niall.barber/Git/projects/react/hp/src/components/Error/index.tsx","statementMap":{"0":{"start":{"line":1,"column":0},"end":{"line":1,"column":8}},"1":{"start":{"line":1,"column":8},"end":{"line":1,"column":15}}},"fnMap":{"0":{"name":"(anonymous_1)","decl":{"start":{"line":1,"column":8},"end":{"line":1,"column":15}},"loc":{"start":{"line":1,"column":8},"end":{"line":1,"column":null}}}},"branchMap":{},"s":{"0":1,"1":2},"f":{"0":1},"b":{}}
,"/Users/niall.barber/Git/projects/react/hp/src/components/Loading/Loading.tsx": {"path":"/Users/niall.barber/Git/projects/react/hp/src/components/Loading/Loading.tsx","statementMap":{"0":{"start":{"line":1,"column":16},"end":{"line":7,"column":null}},"1":{"start":{"line":2,"column":2},"end":{"line":2,"column":null}},"2":{"start":{"line":9,"column":0},"end":{"line":9,"column":15}}},"fnMap":{"0":{"name":"(anonymous_0)","decl":{"start":{"line":1,"column":16},"end":{"line":1,"column":21}},"loc":{"start":{"line":1,"column":21},"end":{"line":7,"column":null}}}},"branchMap":{},"s":{"0":1,"1":3,"2":1},"f":{"0":3},"b":{}}
,"/Users/niall.barber/Git/projects/react/hp/src/components/Loading/index.tsx": {"path":"/Users/niall.barber/Git/projects/react/hp/src/components/Loading/index.tsx","statementMap":{"0":{"start":{"line":1,"column":0},"end":{"line":1,"column":8}},"1":{"start":{"line":1,"column":8},"end":{"line":1,"column":15}}},"fnMap":{"0":{"name":"(anonymous_1)","decl":{"start":{"line":1,"column":8},"end":{"line":1,"column":15}},"loc":{"start":{"line":1,"column":8},"end":{"line":1,"column":null}}}},"branchMap":{},"s":{"0":1,"1":4},"f":{"0":3},"b":{}}
,"/Users/niall.barber/Git/projects/react/hp/src/constants/api.ts": {"path":"/Users/niall.barber/Git/projects/react/hp/src/constants/api.ts","statementMap":{"0":{"start":{"line":1,"column":13},"end":{"line":1,"column":null}}},"fnMap":{},"branchMap":{},"s":{"0":2},"f":{},"b":{}}
,"/Users/niall.barber/Git/projects/react/hp/src/hooks/useLoadData.ts": {"path":"/Users/niall.barber/Git/projects/react/hp/src/hooks/useLoadData.ts","statementMap":{"0":{"start":{"line":1,"column":0},"end":{"line":1,"column":null}},"1":{"start":{"line":2,"column":0},"end":{"line":2,"column":null}},"2":{"start":{"line":5,"column":26},"end":{"line":5,"column":35}},"3":{"start":{"line":6,"column":32},"end":{"line":6,"column":41}},"4":{"start":{"line":7,"column":28},"end":{"line":7,"column":37}},"5":{"start":{"line":9,"column":2},"end":{"line":9,"column":12}},"6":{"start":{"line":10,"column":5},"end":{"line":10,"column":6}},"7":{"start":{"line":11,"column":6},"end":{"line":18,"column":null}},"8":{"start":{"line":12,"column":23},"end":{"line":12,"column":39}},"9":{"start":{"line":13,"column":8},"end":{"line":13,"column":15}},"10":{"start":{"line":15,"column":8},"end":{"line":15,"column":16}},"11":{"start":{"line":17,"column":8},"end":{"line":17,"column":18}},"12":{"start":{"line":22,"column":2},"end":{"line":22,"column":9}},"13":{"start":{"line":4,"column":0},"end":{"line":4,"column":16}}},"fnMap":{"0":{"name":"useLoadData","decl":{"start":{"line":4,"column":16},"end":{"line":4,"column":28}},"loc":{"start":{"line":4,"column":39},"end":{"line":23,"column":null}}},"1":{"name":"(anonymous_1)","decl":{"start":{"line":9,"column":12},"end":{"line":9,"column":17}},"loc":{"start":{"line":9,"column":17},"end":{"line":20,"column":5}}},"2":{"name":"(anonymous_2)","decl":{"start":{"line":10,"column":6},"end":{"line":10,"column":17}},"loc":{"start":{"line":10,"column":17},"end":{"line":19,"column":null}}}},"branchMap":{},"s":{"0":1,"1":1,"2":5,"3":4,"4":4,"5":4,"6":2,"7":2,"8":2,"9":1,"10":1,"11":2,"12":4,"13":1},"f":{"0":5,"1":2,"2":2},"b":{}}
,"/Users/niall.barber/Git/projects/react/hp/src/screens/Home/Home.tsx": {"path":"/Users/niall.barber/Git/projects/react/hp/src/screens/Home/Home.tsx","statementMap":{"0":{"start":{"line":1,"column":0},"end":{"line":1,"column":null}},"1":{"start":{"line":2,"column":0},"end":{"line":2,"column":null}},"2":{"start":{"line":3,"column":0},"end":{"line":3,"column":null}},"3":{"start":{"line":4,"column":0},"end":{"line":4,"column":null}},"4":{"start":{"line":6,"column":19},"end":{"line":26,"column":null}},"5":{"start":{"line":11,"column":6},"end":{"line":11,"column":18}},"6":{"start":{"line":13,"column":2},"end":{"line":13,"column":22}},"7":{"start":{"line":13,"column":15},"end":{"line":13,"column":22}},"8":{"start":{"line":14,"column":2},"end":{"line":15,"column":null}},"9":{"start":{"line":15,"column":4},"end":{"line":15,"column":null}},"10":{"start":{"line":19,"column":2},"end":{"line":19,"column":9}},"11":{"start":{"line":21,"column":2},"end":{"line":21,"column":null}},"12":{"start":{"line":28,"column":0},"end":{"line":28,"column":15}}},"fnMap":{"0":{"name":"(anonymous_0)","decl":{"start":{"line":6,"column":19},"end":{"line":6,"column":24}},"loc":{"start":{"line":6,"column":24},"end":{"line":26,"column":null}}}},"branchMap":{"0":{"loc":{"start":{"line":13,"column":2},"end":{"line":13,"column":22}},"type":"if","locations":[{"start":{"line":13,"column":2},"end":{"line":13,"column":22}}]},"1":{"loc":{"start":{"line":14,"column":2},"end":{"line":15,"column":null}},"type":"if","locations":[{"start":{"line":14,"column":2},"end":{"line":15,"column":null}}]}},"s":{"0":1,"1":1,"2":1,"3":1,"4":1,"5":5,"6":4,"7":3,"8":1,"9":1,"10":0,"11":0,"12":1},"f":{"0":5},"b":{"0":[3],"1":[1]}}
,"/Users/niall.barber/Git/projects/react/hp/src/screens/Home/index.tsx": {"path":"/Users/niall.barber/Git/projects/react/hp/src/screens/Home/index.tsx","statementMap":{"0":{"start":{"line":1,"column":0},"end":{"line":1,"column":8}},"1":{"start":{"line":1,"column":8},"end":{"line":1,"column":15}}},"fnMap":{"0":{"name":"(anonymous_1)","decl":{"start":{"line":1,"column":8},"end":{"line":1,"column":15}},"loc":{"start":{"line":1,"column":8},"end":{"line":1,"column":null}}}},"branchMap":{},"s":{"0":1,"1":3},"f":{"0":2},"b":{}}
,"/Users/niall.barber/Git/projects/react/hp/src/utils/fetchData.ts": {"path":"/Users/niall.barber/Git/projects/react/hp/src/utils/fetchData.ts","statementMap":{"0":{"start":{"line":8,"column":19},"end":{"line":8,"column":23}},"1":{"start":{"line":9,"column":2},"end":{"line":25,"column":null}},"2":{"start":{"line":10,"column":19},"end":{"line":10,"column":31}},"3":{"start":{"line":13,"column":4},"end":{"line":17,"column":null}},"4":{"start":{"line":14,"column":6},"end":{"line":14,"column":12}},"5":{"start":{"line":18,"column":4},"end":{"line":18,"column":14}},"6":{"start":{"line":19,"column":4},"end":{"line":19,"column":11}},"7":{"start":{"line":21,"column":4},"end":{"line":21,"column":11}},"8":{"start":{"line":22,"column":4},"end":{"line":22,"column":10}},"9":{"start":{"line":24,"column":4},"end":{"line":24,"column":14}},"10":{"start":{"line":7,"column":0},"end":{"line":7,"column":7}}},"fnMap":{"0":{"name":"fetchData","decl":{"start":{"line":7,"column":22},"end":{"line":7,"column":32}},"loc":{"start":{"line":7,"column":43},"end":{"line":26,"column":null}}}},"branchMap":{"0":{"loc":{"start":{"line":13,"column":4},"end":{"line":17,"column":null}},"type":"if","locations":[{"start":{"line":13,"column":4},"end":{"line":17,"column":null}}]}},"s":{"0":3,"1":3,"2":3,"3":3,"4":1,"5":2,"6":2,"7":1,"8":1,"9":3,"10":2},"f":{"0":3},"b":{"0":[1]}}
}
